<?xml version="1.0" encoding="UTF-8"?>
<!-- Generated by org.testng.reporters.JUnitXMLReporter -->
<testsuite hostname="DESKTOP-1IL03V1" ignored="22" tests="1" failures="0" timestamp="17 Jul 2019 22:36:23 GMT" time="41.096" errors="0">
  <testcase name="TC22_DefaultView" time="26.93" classname="SaleForceTest"/>
  <testcase name="TC19_QuarterlySummaryReport" time="0.0" classname="SaleForceTest">
    <ignored/>
  </testcase> <!-- TC19_QuarterlySummaryReport -->
  <testcase name="TC14_CreateAccountReport" time="0.0" classname="SaleForceTest">
    <ignored/>
  </testcase> <!-- TC14_CreateAccountReport -->
  <testcase name="TC18_StuckOpportunityReport" time="0.0" classname="SaleForceTest">
    <ignored/>
  </testcase> <!-- TC18_StuckOpportunityReport -->
  <testcase name="TC09_Logout" time="0.0" classname="SaleForceTest">
    <ignored/>
  </testcase> <!-- TC09_Logout -->
  <testcase name="TC04A_ForgotPassword" time="0.0" classname="SaleForceTest">
    <ignored/>
  </testcase> <!-- TC04A_ForgotPassword -->
  <testcase name="TC21_LeadsSelectView" time="0.0" classname="SaleForceTest">
    <ignored/>
  </testcase> <!-- TC21_LeadsSelectView -->
  <testcase name="TC01_loginWithoutPassword" time="0.0" classname="SaleForceTest">
    <ignored/>
  </testcase> <!-- TC01_loginWithoutPassword -->
  <testcase name="TC08_DevelopersConsole" time="0.0" classname="SaleForceTest">
    <ignored/>
  </testcase> <!-- TC08_DevelopersConsole -->
  <testcase name="TC16_CreateNewOpportunity" time="0.0" classname="SaleForceTest">
    <ignored/>
  </testcase> <!-- TC16_CreateNewOpportunity -->
  <testcase name="TC10_CreateAnAccount" time="0.0" classname="SaleForceTest">
    <ignored/>
  </testcase> <!-- TC10_CreateAnAccount -->
  <testcase name="TC02_LoginToSFDC" time="0.0" classname="SaleForceTest">
    <ignored/>
  </testcase> <!-- TC02_LoginToSFDC -->
  <testcase name="TC12_EditView" time="0.0" classname="SaleForceTest">
    <ignored/>
  </testcase> <!-- TC12_EditView -->
  <testcase name="TC17_OpportunityPipelineReport" time="0.0" classname="SaleForceTest">
    <ignored/>
  </testcase> <!-- TC17_OpportunityPipelineReport -->
  <testcase name="TC04B_WrongCredential" time="0.0" classname="SaleForceTest">
    <ignored/>
  </testcase> <!-- TC04B_WrongCredential -->
  <testcase name="TC07_MySettings" time="0.0" classname="SaleForceTest">
    <ignored/>
  </testcase> <!-- TC07_MySettings -->
  <testcase name="TC15_VerifyOpportunityDropDown" time="0.0" classname="SaleForceTest">
    <ignored/>
  </testcase> <!-- TC15_VerifyOpportunityDropDown -->
  <testcase name="TC11_CreateNewView" time="0.0" classname="SaleForceTest">
    <ignored/>
  </testcase> <!-- TC11_CreateNewView -->
  <testcase name="TC03_RememberUserNameChecked" time="0.0" classname="SaleForceTest">
    <ignored/>
  </testcase> <!-- TC03_RememberUserNameChecked -->
  <testcase name="TC05_SelectUserMenu" time="0.0" classname="SaleForceTest">
    <ignored/>
  </testcase> <!-- TC05_SelectUserMenu -->
  <testcase name="TC13_MergeAccounts" time="0.0" classname="SaleForceTest">
    <ignored/>
  </testcase> <!-- TC13_MergeAccounts -->
  <testcase name="TC06_MyProfileOption" time="0.0" classname="SaleForceTest">
    <ignored/>
  </testcase> <!-- TC06_MyProfileOption -->
  <testcase name="TC20_LeadsTab" time="0.0" classname="SaleForceTest">
    <ignored/>
  </testcase> <!-- TC20_LeadsTab -->
</testsuite>
