<?xml version="1.0" encoding="UTF-8"?>
<testng-results skipped="0" failed="0" ignored="22" total="23" passed="1">
  <reporter-output>
  </reporter-output>
  <suite name="SaleForceTest" duration-ms="41096" started-at="2019-07-17T22:35:41Z" finished-at="2019-07-17T22:36:23Z">
    <groups>
    </groups>
    <test name="Command line test" duration-ms="41096" started-at="2019-07-17T22:35:41Z" finished-at="2019-07-17T22:36:23Z">
      <class name="SaleForceTest">
        <test-method status="PASS" signature="lauchURL()[pri:0, instance:SaleForceTest@35a50a4c]" name="lauchURL" is-config="true" duration-ms="6214" started-at="2019-07-17T22:35:41Z" finished-at="2019-07-17T22:35:48Z">
          <reporter-output>
          </reporter-output>
        </test-method> <!-- lauchURL -->
        <test-method status="PASS" signature="TC22_DefaultView()[pri:0, instance:SaleForceTest@35a50a4c]" name="TC22_DefaultView" duration-ms="26930" started-at="2019-07-17T22:35:48Z" finished-at="2019-07-17T22:36:15Z">
          <reporter-output>
          </reporter-output>
        </test-method> <!-- TC22_DefaultView -->
        <test-method status="PASS" signature="flushReport()[pri:0, instance:SaleForceTest@35a50a4c]" name="flushReport" is-config="true" duration-ms="216" started-at="2019-07-17T22:36:15Z" finished-at="2019-07-17T22:36:15Z">
          <reporter-output>
          </reporter-output>
        </test-method> <!-- flushReport -->
        <test-method status="PASS" signature="closeBrowser()[pri:0, instance:SaleForceTest@35a50a4c]" name="closeBrowser" is-config="true" duration-ms="7716" started-at="2019-07-17T22:36:15Z" finished-at="2019-07-17T22:36:23Z">
          <reporter-output>
          </reporter-output>
        </test-method> <!-- closeBrowser -->
      </class> <!-- SaleForceTest -->
    </test> <!-- Command line test -->
  </suite> <!-- SaleForceTest -->
</testng-results>
