<?xml version="1.0" encoding="UTF-8"?>
<testng-results skipped="0" failed="0" ignored="0" total="2" passed="2">
  <reporter-output>
  </reporter-output>
  <suite name="com.demo.SaleForceTest" duration-ms="24607" started-at="2019-07-18T23:35:33Z" finished-at="2019-07-18T23:35:58Z">
    <groups>
    </groups>
    <test name="Command line test" duration-ms="24607" started-at="2019-07-18T23:35:33Z" finished-at="2019-07-18T23:35:58Z">
      <class name="com.demo.SaleForceTest">
        <test-method status="PASS" signature="lauchURL()[pri:0, instance:com.demo.SaleForceTest@35a50a4c]" name="lauchURL" is-config="true" duration-ms="6178" started-at="2019-07-18T23:35:33Z" finished-at="2019-07-18T23:35:39Z">
          <reporter-output>
          </reporter-output>
        </test-method> <!-- lauchURL -->
        <test-method status="PASS" signature="TC01_loginWithoutPassword()[pri:0, instance:com.demo.SaleForceTest@35a50a4c]" name="TC01_loginWithoutPassword" duration-ms="713" started-at="2019-07-18T23:35:39Z" finished-at="2019-07-18T23:35:40Z">
          <reporter-output>
          </reporter-output>
        </test-method> <!-- TC01_loginWithoutPassword -->
        <test-method status="PASS" signature="closeBrowser()[pri:0, instance:com.demo.SaleForceTest@35a50a4c]" name="closeBrowser" is-config="true" duration-ms="3978" started-at="2019-07-18T23:35:40Z" finished-at="2019-07-18T23:35:44Z">
          <reporter-output>
          </reporter-output>
        </test-method> <!-- closeBrowser -->
        <test-method status="PASS" signature="lauchURL()[pri:0, instance:com.demo.SaleForceTest@35a50a4c]" name="lauchURL" is-config="true" duration-ms="5461" started-at="2019-07-18T23:35:44Z" finished-at="2019-07-18T23:35:49Z">
          <reporter-output>
          </reporter-output>
        </test-method> <!-- lauchURL -->
        <test-method status="PASS" signature="TC02_LoginToSFDC()[pri:0, instance:com.demo.SaleForceTest@35a50a4c]" name="TC02_LoginToSFDC" duration-ms="2379" started-at="2019-07-18T23:35:49Z" finished-at="2019-07-18T23:35:52Z">
          <reporter-output>
          </reporter-output>
        </test-method> <!-- TC02_LoginToSFDC -->
        <test-method status="PASS" signature="closeBrowser()[pri:0, instance:com.demo.SaleForceTest@35a50a4c]" name="closeBrowser" is-config="true" duration-ms="5658" started-at="2019-07-18T23:35:52Z" finished-at="2019-07-18T23:35:57Z">
          <reporter-output>
          </reporter-output>
        </test-method> <!-- closeBrowser -->
        <test-method status="PASS" signature="flushReport()[pri:0, instance:com.demo.SaleForceTest@35a50a4c]" name="flushReport" is-config="true" duration-ms="217" started-at="2019-07-18T23:35:57Z" finished-at="2019-07-18T23:35:58Z">
          <reporter-output>
          </reporter-output>
        </test-method> <!-- flushReport -->
      </class> <!-- com.demo.SaleForceTest -->
    </test> <!-- Command line test -->
  </suite> <!-- com.demo.SaleForceTest -->
</testng-results>
